{"/Users/joeandamp/Projects/Makers/Week_10/till_tech_test/charges.js": {"path":"/Users/joeandamp/Projects/Makers/Week_10/till_tech_test/charges.js","statementMap":{"0":{"start":{"line":1,"column":13},"end":{"line":1,"column":57}},"1":{"start":{"line":2,"column":28},"end":{"line":2,"column":34}},"2":{"start":{"line":6,"column":4},"end":{"line":6,"column":27}},"3":{"start":{"line":10,"column":19},"end":{"line":10,"column":20}},"4":{"start":{"line":11,"column":4},"end":{"line":17,"column":5}},"5":{"start":{"line":12,"column":6},"end":{"line":16,"column":7}},"6":{"start":{"line":13,"column":8},"end":{"line":13,"column":56}},"7":{"start":{"line":15,"column":8},"end":{"line":15,"column":50}},"8":{"start":{"line":18,"column":4},"end":{"line":18,"column":42}},"9":{"start":{"line":22,"column":4},"end":{"line":22,"column":48}},"10":{"start":{"line":26,"column":4},"end":{"line":35,"column":5}},"11":{"start":{"line":27,"column":6},"end":{"line":30,"column":14}},"12":{"start":{"line":32,"column":6},"end":{"line":34,"column":14}},"13":{"start":{"line":39,"column":4},"end":{"line":39,"column":53}},"14":{"start":{"line":43,"column":0},"end":{"line":43,"column":25}}},"fnMap":{"0":{"name":"(anonymous_0)","decl":{"start":{"line":5,"column":2},"end":{"line":5,"column":3}},"loc":{"start":{"line":5,"column":45},"end":{"line":7,"column":3}},"line":5},"1":{"name":"(anonymous_1)","decl":{"start":{"line":9,"column":2},"end":{"line":9,"column":3}},"loc":{"start":{"line":9,"column":43},"end":{"line":19,"column":3}},"line":9},"2":{"name":"(anonymous_2)","decl":{"start":{"line":21,"column":2},"end":{"line":21,"column":3}},"loc":{"start":{"line":21,"column":31},"end":{"line":23,"column":3}},"line":21}},"branchMap":{"0":{"loc":{"start":{"line":5,"column":14},"end":{"line":5,"column":43}},"type":"default-arg","locations":[{"start":{"line":5,"column":24},"end":{"line":5,"column":43}}],"line":5},"1":{"loc":{"start":{"line":9,"column":15},"end":{"line":9,"column":41}},"type":"default-arg","locations":[{"start":{"line":9,"column":32},"end":{"line":9,"column":41}}],"line":9},"2":{"loc":{"start":{"line":12,"column":6},"end":{"line":16,"column":7}},"type":"if","locations":[{"start":{"line":12,"column":6},"end":{"line":16,"column":7}},{"start":{"line":14,"column":13},"end":{"line":16,"column":7}}],"line":12},"3":{"loc":{"start":{"line":12,"column":10},"end":{"line":12,"column":53}},"type":"binary-expr","locations":[{"start":{"line":12,"column":10},"end":{"line":12,"column":35}},{"start":{"line":12,"column":39},"end":{"line":12,"column":53}}],"line":12},"4":{"loc":{"start":{"line":26,"column":4},"end":{"line":35,"column":5}},"type":"if","locations":[{"start":{"line":26,"column":4},"end":{"line":35,"column":5}},{"start":{"line":31,"column":11},"end":{"line":35,"column":5}}],"line":26}},"s":{"0":2,"1":2,"2":12,"3":11,"4":11,"5":26,"6":5,"7":21,"8":11,"9":2,"10":11,"11":1,"12":10,"13":11,"14":2},"f":{"0":12,"1":11,"2":2},"b":{"0":[12],"1":[7],"2":[5,21],"3":[26,10],"4":[1,10]},"_coverageSchema":"1a1c01bbd47fc00a2c39e90264f33305004495a9","hash":"b41dda1b3f65cf7351a599a7e67746a239afe3d5"}
,"/Users/joeandamp/Projects/Makers/Week_10/till_tech_test/itemsWriter.js": {"path":"/Users/joeandamp/Projects/Makers/Week_10/till_tech_test/itemsWriter.js","statementMap":{"0":{"start":{"line":1,"column":13},"end":{"line":1,"column":57}},"1":{"start":{"line":5,"column":25},"end":{"line":5,"column":36}},"2":{"start":{"line":6,"column":27},"end":{"line":6,"column":47}},"3":{"start":{"line":7,"column":18},"end":{"line":7,"column":43}},"4":{"start":{"line":8,"column":17},"end":{"line":8,"column":19}},"5":{"start":{"line":9,"column":4},"end":{"line":15,"column":6}},"6":{"start":{"line":10,"column":27},"end":{"line":10,"column":86}},"7":{"start":{"line":11,"column":6},"end":{"line":13,"column":7}},"8":{"start":{"line":12,"column":8},"end":{"line":12,"column":91}},"9":{"start":{"line":14,"column":6},"end":{"line":14,"column":69}},"10":{"start":{"line":16,"column":4},"end":{"line":16,"column":20}},"11":{"start":{"line":17,"column":4},"end":{"line":17,"column":18}},"12":{"start":{"line":21,"column":0},"end":{"line":21,"column":29}}},"fnMap":{"0":{"name":"(anonymous_0)","decl":{"start":{"line":4,"column":2},"end":{"line":4,"column":3}},"loc":{"start":{"line":4,"column":14},"end":{"line":18,"column":3}},"line":4},"1":{"name":"(anonymous_1)","decl":{"start":{"line":9,"column":18},"end":{"line":9,"column":19}},"loc":{"start":{"line":9,"column":27},"end":{"line":15,"column":5}},"line":9}},"branchMap":{"0":{"loc":{"start":{"line":11,"column":6},"end":{"line":13,"column":7}},"type":"if","locations":[{"start":{"line":11,"column":6},"end":{"line":13,"column":7}},{"start":{},"end":{}}],"line":11},"1":{"loc":{"start":{"line":11,"column":10},"end":{"line":11,"column":51}},"type":"binary-expr","locations":[{"start":{"line":11,"column":10},"end":{"line":11,"column":24}},{"start":{"line":11,"column":28},"end":{"line":11,"column":51}}],"line":11}},"s":{"0":3,"1":6,"2":6,"3":6,"4":6,"5":6,"6":18,"7":18,"8":1,"9":18,"10":6,"11":6,"12":3},"f":{"0":6,"1":18},"b":{"0":[1,17],"1":[18,3]},"_coverageSchema":"1a1c01bbd47fc00a2c39e90264f33305004495a9","hash":"017baacf1d6b719acd484886eece9ef719a44b2c"}
,"/Users/joeandamp/Projects/Makers/Week_10/till_tech_test/receipt.js": {"path":"/Users/joeandamp/Projects/Makers/Week_10/till_tech_test/receipt.js","statementMap":{"0":{"start":{"line":1,"column":22},"end":{"line":1,"column":53}},"1":{"start":{"line":2,"column":20},"end":{"line":2,"column":44}},"2":{"start":{"line":6,"column":4},"end":{"line":6,"column":35}},"3":{"start":{"line":10,"column":4},"end":{"line":10,"column":23}},"4":{"start":{"line":11,"column":4},"end":{"line":11,"column":64}},"5":{"start":{"line":11,"column":42},"end":{"line":11,"column":63}},"6":{"start":{"line":12,"column":4},"end":{"line":12,"column":68}},"7":{"start":{"line":12,"column":48},"end":{"line":12,"column":67}},"8":{"start":{"line":13,"column":4},"end":{"line":13,"column":49}},"9":{"start":{"line":13,"column":25},"end":{"line":13,"column":48}},"10":{"start":{"line":14,"column":4},"end":{"line":14,"column":30}},"11":{"start":{"line":18,"column":4},"end":{"line":18,"column":25}},"12":{"start":{"line":19,"column":4},"end":{"line":19,"column":21}},"13":{"start":{"line":23,"column":4},"end":{"line":23,"column":32}},"14":{"start":{"line":24,"column":4},"end":{"line":24,"column":22}},"15":{"start":{"line":25,"column":4},"end":{"line":25,"column":25}},"16":{"start":{"line":26,"column":4},"end":{"line":26,"column":20}},"17":{"start":{"line":27,"column":4},"end":{"line":27,"column":22}},"18":{"start":{"line":31,"column":4},"end":{"line":31,"column":29}},"19":{"start":{"line":32,"column":4},"end":{"line":32,"column":26}},"20":{"start":{"line":33,"column":4},"end":{"line":33,"column":21}},"21":{"start":{"line":37,"column":4},"end":{"line":44,"column":5}},"22":{"start":{"line":48,"column":4},"end":{"line":49,"column":54}},"23":{"start":{"line":53,"column":4},"end":{"line":53,"column":34}},"24":{"start":{"line":57,"column":22},"end":{"line":57,"column":82}},"25":{"start":{"line":58,"column":4},"end":{"line":58,"column":37}},"26":{"start":{"line":62,"column":4},"end":{"line":65,"column":5}},"27":{"start":{"line":63,"column":15},"end":{"line":63,"column":71}},"28":{"start":{"line":64,"column":4},"end":{"line":64,"column":34}},"29":{"start":{"line":69,"column":15},"end":{"line":69,"column":67}},"30":{"start":{"line":70,"column":4},"end":{"line":70,"column":34}},"31":{"start":{"line":74,"column":4},"end":{"line":74,"column":48}},"32":{"start":{"line":78,"column":15},"end":{"line":78,"column":62}},"33":{"start":{"line":79,"column":4},"end":{"line":79,"column":34}},"34":{"start":{"line":83,"column":4},"end":{"line":85,"column":5}},"35":{"start":{"line":84,"column":6},"end":{"line":84,"column":84}},"36":{"start":{"line":89,"column":4},"end":{"line":89,"column":41}},"37":{"start":{"line":93,"column":4},"end":{"line":93,"column":32}},"38":{"start":{"line":94,"column":4},"end":{"line":94,"column":55}},"39":{"start":{"line":98,"column":16},"end":{"line":98,"column":26}},"40":{"start":{"line":99,"column":19},"end":{"line":99,"column":34}},"41":{"start":{"line":100,"column":19},"end":{"line":100,"column":34}},"42":{"start":{"line":101,"column":4},"end":{"line":101,"column":45}},"43":{"start":{"line":102,"column":4},"end":{"line":102,"column":46}},"44":{"start":{"line":103,"column":4},"end":{"line":103,"column":50}},"45":{"start":{"line":104,"column":4},"end":{"line":104,"column":50}},"46":{"start":{"line":108,"column":15},"end":{"line":108,"column":54}},"47":{"start":{"line":109,"column":17},"end":{"line":109,"column":60}},"48":{"start":{"line":110,"column":4},"end":{"line":110,"column":42}},"49":{"start":{"line":114,"column":4},"end":{"line":114,"column":64}},"50":{"start":{"line":118,"column":0},"end":{"line":118,"column":25}}},"fnMap":{"0":{"name":"(anonymous_0)","decl":{"start":{"line":5,"column":2},"end":{"line":5,"column":3}},"loc":{"start":{"line":5,"column":45},"end":{"line":7,"column":3}},"line":5},"1":{"name":"(anonymous_1)","decl":{"start":{"line":9,"column":2},"end":{"line":9,"column":3}},"loc":{"start":{"line":9,"column":15},"end":{"line":15,"column":3}},"line":9}},"branchMap":{"0":{"loc":{"start":{"line":5,"column":14},"end":{"line":5,"column":43}},"type":"default-arg","locations":[{"start":{"line":5,"column":28},"end":{"line":5,"column":43}}],"line":5},"1":{"loc":{"start":{"line":11,"column":4},"end":{"line":11,"column":64}},"type":"if","locations":[{"start":{"line":11,"column":4},"end":{"line":11,"column":64}},{"start":{},"end":{}}],"line":11},"2":{"loc":{"start":{"line":12,"column":4},"end":{"line":12,"column":68}},"type":"if","locations":[{"start":{"line":12,"column":4},"end":{"line":12,"column":68}},{"start":{},"end":{}}],"line":12},"3":{"loc":{"start":{"line":13,"column":4},"end":{"line":13,"column":49}},"type":"if","locations":[{"start":{"line":13,"column":4},"end":{"line":13,"column":49}},{"start":{},"end":{}}],"line":13},"4":{"loc":{"start":{"line":62,"column":4},"end":{"line":65,"column":5}},"type":"if","locations":[{"start":{"line":62,"column":4},"end":{"line":65,"column":5}},{"start":{},"end":{}}],"line":62},"5":{"loc":{"start":{"line":83,"column":4},"end":{"line":85,"column":5}},"type":"if","locations":[{"start":{"line":83,"column":4},"end":{"line":85,"column":5}},{"start":{},"end":{}}],"line":83}},"s":{"0":2,"1":2,"2":3,"3":8,"4":8,"5":2,"6":8,"7":8,"8":8,"9":4,"10":8,"11":2,"12":2,"13":8,"14":8,"15":8,"16":8,"17":8,"18":4,"19":4,"20":4,"21":2,"22":2,"23":8,"24":8,"25":8,"26":8,"27":1,"28":1,"29":8,"30":8,"31":8,"32":8,"33":8,"34":4,"35":3,"36":3,"37":3,"38":3,"39":3,"40":3,"41":3,"42":3,"43":3,"44":3,"45":3,"46":4,"47":4,"48":4,"49":4,"50":2},"f":{"0":3,"1":8},"b":{"0":[0],"1":[2,6],"2":[8,0],"3":[4,4],"4":[1,7],"5":[3,1]},"_coverageSchema":"1a1c01bbd47fc00a2c39e90264f33305004495a9","hash":"cece83841196f6b85f106bb41094c24580f8b18f"}
,"/Users/joeandamp/Projects/Makers/Week_10/till_tech_test/till.js": {"path":"/Users/joeandamp/Projects/Makers/Week_10/till_tech_test/till.js","statementMap":{"0":{"start":{"line":1,"column":16},"end":{"line":1,"column":36}},"1":{"start":{"line":2,"column":16},"end":{"line":2,"column":36}},"2":{"start":{"line":6,"column":2},"end":{"line":6,"column":19}},"3":{"start":{"line":7,"column":2},"end":{"line":7,"column":25}},"4":{"start":{"line":8,"column":2},"end":{"line":8,"column":29}},"5":{"start":{"line":9,"column":2},"end":{"line":9,"column":27}},"6":{"start":{"line":13,"column":4},"end":{"line":18,"column":6}},"7":{"start":{"line":19,"column":4},"end":{"line":19,"column":62}},"8":{"start":{"line":23,"column":16},"end":{"line":23,"column":34}},"9":{"start":{"line":24,"column":4},"end":{"line":24,"column":41}},"10":{"start":{"line":25,"column":4},"end":{"line":25,"column":49}},"11":{"start":{"line":29,"column":16},"end":{"line":29,"column":34}},"12":{"start":{"line":30,"column":4},"end":{"line":30,"column":42}},"13":{"start":{"line":31,"column":4},"end":{"line":31,"column":71}},"14":{"start":{"line":31,"column":39},"end":{"line":31,"column":70}},"15":{"start":{"line":32,"column":4},"end":{"line":32,"column":49}},"16":{"start":{"line":32,"column":14},"end":{"line":32,"column":48}},"17":{"start":{"line":33,"column":4},"end":{"line":33,"column":37}},"18":{"start":{"line":37,"column":4},"end":{"line":41,"column":38}},"19":{"start":{"line":45,"column":4},"end":{"line":45,"column":57}},"20":{"start":{"line":45,"column":38},"end":{"line":45,"column":55}},"21":{"start":{"line":46,"column":4},"end":{"line":46,"column":61}},"22":{"start":{"line":50,"column":15},"end":{"line":50,"column":17}},"23":{"start":{"line":51,"column":4},"end":{"line":53,"column":7}},"24":{"start":{"line":52,"column":6},"end":{"line":52,"column":49}},"25":{"start":{"line":54,"column":4},"end":{"line":54,"column":15}},"26":{"start":{"line":58,"column":22},"end":{"line":58,"column":43}},"27":{"start":{"line":59,"column":4},"end":{"line":65,"column":6}},"28":{"start":{"line":60,"column":6},"end":{"line":64,"column":7}},"29":{"start":{"line":61,"column":8},"end":{"line":61,"column":41}},"30":{"start":{"line":63,"column":8},"end":{"line":63,"column":40}},"31":{"start":{"line":70,"column":4},"end":{"line":70,"column":76}},"32":{"start":{"line":74,"column":4},"end":{"line":74,"column":38}},"33":{"start":{"line":75,"column":4},"end":{"line":75,"column":46}},"34":{"start":{"line":76,"column":4},"end":{"line":76,"column":77}},"35":{"start":{"line":80,"column":4},"end":{"line":80,"column":46}},"36":{"start":{"line":81,"column":4},"end":{"line":81,"column":40}},"37":{"start":{"line":85,"column":18},"end":{"line":85,"column":31}},"38":{"start":{"line":86,"column":4},"end":{"line":89,"column":5}},"39":{"start":{"line":87,"column":6},"end":{"line":87,"column":43}},"40":{"start":{"line":88,"column":6},"end":{"line":88,"column":38}},"41":{"start":{"line":90,"column":4},"end":{"line":90,"column":19}},"42":{"start":{"line":94,"column":0},"end":{"line":94,"column":22}}},"fnMap":{"0":{"name":"(anonymous_0)","decl":{"start":{"line":5,"column":2},"end":{"line":5,"column":3}},"loc":{"start":{"line":5,"column":37},"end":{"line":10,"column":3}},"line":5},"1":{"name":"(anonymous_1)","decl":{"start":{"line":12,"column":2},"end":{"line":12,"column":3}},"loc":{"start":{"line":12,"column":90},"end":{"line":20,"column":3}},"line":12},"2":{"name":"(anonymous_2)","decl":{"start":{"line":22,"column":2},"end":{"line":22,"column":3}},"loc":{"start":{"line":22,"column":20},"end":{"line":26,"column":3}},"line":22},"3":{"name":"(anonymous_3)","decl":{"start":{"line":28,"column":2},"end":{"line":28,"column":3}},"loc":{"start":{"line":28,"column":61},"end":{"line":34,"column":3}},"line":28},"4":{"name":"(anonymous_4)","decl":{"start":{"line":51,"column":34},"end":{"line":51,"column":35}},"loc":{"start":{"line":51,"column":52},"end":{"line":53,"column":5}},"line":51},"5":{"name":"(anonymous_5)","decl":{"start":{"line":59,"column":24},"end":{"line":59,"column":25}},"loc":{"start":{"line":59,"column":33},"end":{"line":65,"column":5}},"line":59}},"branchMap":{"0":{"loc":{"start":{"line":5,"column":14},"end":{"line":5,"column":35}},"type":"default-arg","locations":[{"start":{"line":5,"column":24},"end":{"line":5,"column":35}}],"line":5},"1":{"loc":{"start":{"line":12,"column":9},"end":{"line":12,"column":27}},"type":"default-arg","locations":[{"start":{"line":12,"column":17},"end":{"line":12,"column":27}}],"line":12},"2":{"loc":{"start":{"line":12,"column":29},"end":{"line":12,"column":54}},"type":"default-arg","locations":[{"start":{"line":12,"column":45},"end":{"line":12,"column":54}}],"line":12},"3":{"loc":{"start":{"line":12,"column":56},"end":{"line":12,"column":81}},"type":"default-arg","locations":[{"start":{"line":12,"column":72},"end":{"line":12,"column":81}}],"line":12},"4":{"loc":{"start":{"line":28,"column":15},"end":{"line":28,"column":31}},"type":"default-arg","locations":[{"start":{"line":28,"column":22},"end":{"line":28,"column":31}}],"line":28},"5":{"loc":{"start":{"line":28,"column":33},"end":{"line":28,"column":59}},"type":"default-arg","locations":[{"start":{"line":28,"column":50},"end":{"line":28,"column":59}}],"line":28},"6":{"loc":{"start":{"line":31,"column":4},"end":{"line":31,"column":71}},"type":"if","locations":[{"start":{"line":31,"column":4},"end":{"line":31,"column":71}},{"start":{},"end":{}}],"line":31},"7":{"loc":{"start":{"line":32,"column":4},"end":{"line":32,"column":49}},"type":"if","locations":[{"start":{"line":32,"column":4},"end":{"line":32,"column":49}},{"start":{},"end":{}}],"line":32},"8":{"loc":{"start":{"line":45,"column":4},"end":{"line":45,"column":57}},"type":"if","locations":[{"start":{"line":45,"column":4},"end":{"line":45,"column":57}},{"start":{},"end":{}}],"line":45},"9":{"loc":{"start":{"line":60,"column":6},"end":{"line":64,"column":7}},"type":"if","locations":[{"start":{"line":60,"column":6},"end":{"line":64,"column":7}},{"start":{"line":62,"column":13},"end":{"line":64,"column":7}}],"line":60},"10":{"loc":{"start":{"line":86,"column":4},"end":{"line":89,"column":5}},"type":"if","locations":[{"start":{"line":86,"column":4},"end":{"line":89,"column":5}},{"start":{},"end":{}}],"line":86}},"s":{"0":1,"1":1,"2":3,"3":3,"4":3,"5":3,"6":6,"7":6,"8":1,"9":1,"10":1,"11":3,"12":3,"13":3,"14":3,"15":3,"16":1,"17":3,"18":7,"19":7,"20":1,"21":6,"22":7,"23":7,"24":22,"25":7,"26":1,"27":1,"28":2,"29":1,"30":1,"31":3,"32":1,"33":1,"34":1,"35":3,"36":3,"37":3,"38":3,"39":1,"40":1,"41":3,"42":1},"f":{"0":3,"1":6,"2":1,"3":3,"4":22,"5":2},"b":{"0":[0],"1":[0],"2":[0],"3":[0],"4":[2],"5":[2],"6":[3,0],"7":[1,2],"8":[1,6],"9":[1,1],"10":[1,2]},"_coverageSchema":"1a1c01bbd47fc00a2c39e90264f33305004495a9","hash":"0eef95aff45dbbd3a8e7824f5da5aec11d9baa3a"}
}
