TN:
SF:charges.js
FN:5,(anonymous_0)
FN:9,(anonymous_1)
FN:21,(anonymous_2)
FNF:3
FNH:3
FNDA:12,(anonymous_0)
FNDA:11,(anonymous_1)
FNDA:2,(anonymous_2)
DA:1,2
DA:2,2
DA:6,12
DA:10,11
DA:11,11
DA:12,26
DA:13,5
DA:15,21
DA:18,11
DA:22,2
DA:26,11
DA:27,1
DA:32,10
DA:39,11
DA:43,2
LF:15
LH:15
BRDA:5,0,0,12
BRDA:9,1,0,7
BRDA:12,2,0,5
BRDA:12,2,1,21
BRDA:12,3,0,26
BRDA:12,3,1,10
BRDA:26,4,0,1
BRDA:26,4,1,10
BRF:8
BRH:8
end_of_record
TN:
SF:itemsWriter.js
FN:4,(anonymous_0)
FN:9,(anonymous_1)
FNF:2
FNH:2
FNDA:6,(anonymous_0)
FNDA:18,(anonymous_1)
DA:1,3
DA:5,6
DA:6,6
DA:7,6
DA:8,6
DA:9,6
DA:10,18
DA:11,18
DA:12,1
DA:14,18
DA:16,6
DA:17,6
DA:21,3
LF:13
LH:13
BRDA:11,0,0,1
BRDA:11,0,1,17
BRDA:11,1,0,18
BRDA:11,1,1,3
BRF:4
BRH:4
end_of_record
TN:
SF:receipt.js
FN:5,(anonymous_0)
FN:9,(anonymous_1)
FNF:2
FNH:2
FNDA:3,(anonymous_0)
FNDA:8,(anonymous_1)
DA:1,2
DA:2,2
DA:6,3
DA:10,8
DA:11,8
DA:12,8
DA:13,8
DA:14,8
DA:18,2
DA:19,2
DA:23,8
DA:24,8
DA:25,8
DA:26,8
DA:27,8
DA:31,4
DA:32,4
DA:33,4
DA:37,2
DA:48,2
DA:53,8
DA:57,8
DA:58,8
DA:62,8
DA:63,1
DA:64,1
DA:69,8
DA:70,8
DA:74,8
DA:78,8
DA:79,8
DA:83,4
DA:84,3
DA:89,3
DA:93,3
DA:94,3
DA:98,3
DA:99,3
DA:100,3
DA:101,3
DA:102,3
DA:103,3
DA:104,3
DA:108,4
DA:109,4
DA:110,4
DA:114,4
DA:118,2
LF:48
LH:48
BRDA:5,0,0,0
BRDA:11,1,0,2
BRDA:11,1,1,6
BRDA:12,2,0,8
BRDA:12,2,1,0
BRDA:13,3,0,4
BRDA:13,3,1,4
BRDA:62,4,0,1
BRDA:62,4,1,7
BRDA:83,5,0,3
BRDA:83,5,1,1
BRF:11
BRH:9
end_of_record
TN:
SF:till.js
FN:5,(anonymous_0)
FN:12,(anonymous_1)
FN:22,(anonymous_2)
FN:28,(anonymous_3)
FN:51,(anonymous_4)
FN:59,(anonymous_5)
FNF:6
FNH:6
FNDA:3,(anonymous_0)
FNDA:6,(anonymous_1)
FNDA:1,(anonymous_2)
FNDA:3,(anonymous_3)
FNDA:22,(anonymous_4)
FNDA:2,(anonymous_5)
DA:1,1
DA:2,1
DA:6,3
DA:7,3
DA:8,3
DA:9,3
DA:13,6
DA:19,6
DA:23,1
DA:24,1
DA:25,1
DA:29,3
DA:30,3
DA:31,3
DA:32,3
DA:33,3
DA:37,7
DA:45,7
DA:46,6
DA:50,7
DA:51,7
DA:52,22
DA:54,7
DA:58,1
DA:59,1
DA:60,2
DA:61,1
DA:63,1
DA:70,3
DA:74,1
DA:75,1
DA:76,1
DA:80,3
DA:81,3
DA:85,3
DA:86,3
DA:87,1
DA:88,1
DA:90,3
DA:94,1
LF:40
LH:40
BRDA:5,0,0,0
BRDA:12,1,0,0
BRDA:12,2,0,0
BRDA:12,3,0,0
BRDA:28,4,0,2
BRDA:28,5,0,2
BRDA:31,6,0,3
BRDA:31,6,1,0
BRDA:32,7,0,1
BRDA:32,7,1,2
BRDA:45,8,0,1
BRDA:45,8,1,6
BRDA:60,9,0,1
BRDA:60,9,1,1
BRDA:86,10,0,1
BRDA:86,10,1,2
BRF:16
BRH:11
end_of_record
